#! /usr/bin/vvp
:ivl_version "10.1 (stable)" "(v10_1)";
:ivl_delay_selection "TYPICAL";
:vpi_time_precision + 0;
:vpi_module "system";
:vpi_module "vhdl_sys";
:vpi_module "v2005_math";
:vpi_module "va_math";
:vpi_module "v2009";
S_0x55f8708f9dd0 .scope module, "structural_example" "structural_example" 2 1;
 .timescale 0 0;
    .port_info 0 /INPUT 1 "a"
    .port_info 1 /INPUT 1 "b"
    .port_info 2 /INPUT 1 "c"
    .port_info 3 /OUTPUT 1 "f"
o0x7f73bd52a018 .functor BUFZ 1, C4<z>; HiZ drive
o0x7f73bd52a048 .functor BUFZ 1, C4<z>; HiZ drive
L_0x55f87094aaa0 .functor AND 1, o0x7f73bd52a018, o0x7f73bd52a048, C4<1>, C4<1>;
o0x7f73bd52a078 .functor BUFZ 1, C4<z>; HiZ drive
L_0x55f87094ab90 .functor OR 1, L_0x55f87094aaa0, o0x7f73bd52a078, C4<0>, C4<0>;
v0x55f8708f9fc0_0 .net "a", 0 0, o0x7f73bd52a018;  0 drivers
v0x55f87094a6c0_0 .net "b", 0 0, o0x7f73bd52a048;  0 drivers
v0x55f87094a780_0 .net "c", 0 0, o0x7f73bd52a078;  0 drivers
v0x55f87094a850_0 .net "f", 0 0, L_0x55f87094ab90;  1 drivers
v0x55f87094a910_0 .net "p", 0 0, L_0x55f87094aaa0;  1 drivers
# The file index is used to find the file name in the following table.
:file_names 3;
    "N/A";
    "<interactive>";
    "hello.v";
