#! /usr/bin/vvp
:ivl_version "10.1 (stable)" "(v10_1)";
:ivl_delay_selection "TYPICAL";
:vpi_time_precision + 0;
:vpi_module "system";
:vpi_module "vhdl_sys";
:vpi_module "v2005_math";
:vpi_module "va_math";
S_0x55cd6d20b8c0 .scope module, "mux_8to1" "mux_8to1" 2 1;
 .timescale 0 0;
    .port_info 0 /INPUT 3 "x1"
    .port_info 1 /INPUT 3 "x2"
    .port_info 2 /INPUT 3 "x3"
    .port_info 3 /INPUT 3 "x4"
    .port_info 4 /INPUT 3 "x5"
    .port_info 5 /INPUT 3 "x6"
    .port_info 6 /INPUT 3 "x7"
    .port_info 7 /INPUT 3 "x8"
    .port_info 8 /INPUT 3 "s"
    .port_info 9 /OUTPUT 3 "f"
v0x55cd6d20bb90_0 .var "f", 2 0;
o0x7fc43eb2e048 .functor BUFZ 3, C4<zzz>; HiZ drive
v0x55cd6d22bb30_0 .net "s", 2 0, o0x7fc43eb2e048;  0 drivers
o0x7fc43eb2e078 .functor BUFZ 3, C4<zzz>; HiZ drive
v0x55cd6d22bc30_0 .net "x1", 2 0, o0x7fc43eb2e078;  0 drivers
o0x7fc43eb2e0a8 .functor BUFZ 3, C4<zzz>; HiZ drive
v0x55cd6d22bcf0_0 .net "x2", 2 0, o0x7fc43eb2e0a8;  0 drivers
o0x7fc43eb2e0d8 .functor BUFZ 3, C4<zzz>; HiZ drive
v0x55cd6d22bdd0_0 .net "x3", 2 0, o0x7fc43eb2e0d8;  0 drivers
o0x7fc43eb2e108 .functor BUFZ 3, C4<zzz>; HiZ drive
v0x55cd6d22bf00_0 .net "x4", 2 0, o0x7fc43eb2e108;  0 drivers
o0x7fc43eb2e138 .functor BUFZ 3, C4<zzz>; HiZ drive
v0x55cd6d22bfe0_0 .net "x5", 2 0, o0x7fc43eb2e138;  0 drivers
o0x7fc43eb2e168 .functor BUFZ 3, C4<zzz>; HiZ drive
v0x55cd6d22c0c0_0 .net "x6", 2 0, o0x7fc43eb2e168;  0 drivers
o0x7fc43eb2e198 .functor BUFZ 3, C4<zzz>; HiZ drive
v0x55cd6d22c1a0_0 .net "x7", 2 0, o0x7fc43eb2e198;  0 drivers
o0x7fc43eb2e1c8 .functor BUFZ 3, C4<zzz>; HiZ drive
v0x55cd6d22c280_0 .net "x8", 2 0, o0x7fc43eb2e1c8;  0 drivers
E_0x55cd6d206420/0 .event edge, v0x55cd6d22bb30_0, v0x55cd6d22bc30_0, v0x55cd6d22bcf0_0, v0x55cd6d22bdd0_0;
E_0x55cd6d206420/1 .event edge, v0x55cd6d22bf00_0, v0x55cd6d22bfe0_0, v0x55cd6d22c0c0_0, v0x55cd6d22c1a0_0;
E_0x55cd6d206420/2 .event edge, v0x55cd6d22c280_0;
E_0x55cd6d206420 .event/or E_0x55cd6d206420/0, E_0x55cd6d206420/1, E_0x55cd6d206420/2;
    .scope S_0x55cd6d20b8c0;
T_0 ;
    %wait E_0x55cd6d206420;
    %load/vec4 v0x55cd6d22bb30_0;
    %dup/vec4;
    %pushi/vec4 1, 0, 3;
    %cmp/u;
    %jmp/1 T_0.0, 6;
    %dup/vec4;
    %pushi/vec4 2, 0, 3;
    %cmp/u;
    %jmp/1 T_0.1, 6;
    %dup/vec4;
    %pushi/vec4 3, 0, 3;
    %cmp/u;
    %jmp/1 T_0.2, 6;
    %dup/vec4;
    %pushi/vec4 4, 0, 3;
    %cmp/u;
    %jmp/1 T_0.3, 6;
    %dup/vec4;
    %pushi/vec4 4, 0, 3;
    %cmp/u;
    %jmp/1 T_0.4, 6;
    %dup/vec4;
    %pushi/vec4 5, 0, 3;
    %cmp/u;
    %jmp/1 T_0.5, 6;
    %dup/vec4;
    %pushi/vec4 6, 0, 3;
    %cmp/u;
    %jmp/1 T_0.6, 6;
    %dup/vec4;
    %pushi/vec4 7, 0, 3;
    %cmp/u;
    %jmp/1 T_0.7, 6;
    %jmp T_0.8;
T_0.0 ;
    %load/vec4 v0x55cd6d22bc30_0;
    %store/vec4 v0x55cd6d20bb90_0, 0, 3;
    %jmp T_0.8;
T_0.1 ;
    %load/vec4 v0x55cd6d22bcf0_0;
    %store/vec4 v0x55cd6d20bb90_0, 0, 3;
    %jmp T_0.8;
T_0.2 ;
    %load/vec4 v0x55cd6d22bdd0_0;
    %store/vec4 v0x55cd6d20bb90_0, 0, 3;
    %jmp T_0.8;
T_0.3 ;
    %load/vec4 v0x55cd6d22bf00_0;
    %store/vec4 v0x55cd6d20bb90_0, 0, 3;
    %jmp T_0.8;
T_0.4 ;
    %load/vec4 v0x55cd6d22bfe0_0;
    %store/vec4 v0x55cd6d20bb90_0, 0, 3;
    %jmp T_0.8;
T_0.5 ;
    %load/vec4 v0x55cd6d22c0c0_0;
    %store/vec4 v0x55cd6d20bb90_0, 0, 3;
    %jmp T_0.8;
T_0.6 ;
    %load/vec4 v0x55cd6d22c1a0_0;
    %store/vec4 v0x55cd6d20bb90_0, 0, 3;
    %jmp T_0.8;
T_0.7 ;
    %load/vec4 v0x55cd6d22c280_0;
    %store/vec4 v0x55cd6d20bb90_0, 0, 3;
    %jmp T_0.8;
T_0.8 ;
    %pop/vec4 1;
    %jmp T_0;
    .thread T_0, $push;
# The file index is used to find the file name in the following table.
:file_names 3;
    "N/A";
    "<interactive>";
    "mux_8to1.v";
